<?xml version="1.0" encoding="UTF-8"?>
<!-- Generated by org.testng.reporters.JUnitReportReporter -->
<testsuite skipped="0" hostname="ADFL-1312" name="services.CreateIncidentWithReqBodyAsJSONFile" tests="1" failures="0" timestamp="2022-09-04T11:14:30 IST" time="6.412" errors="0">
  <testcase name="sendPostRequest" time="6.412" classname="services.CreateIncidentWithReqBodyAsJSONFile"/>
  <system-out/>
</testsuite> <!-- services.CreateIncidentWithReqBodyAsJSONFile -->
