<?xml version="1.0" encoding="UTF-8"?>
<!-- Generated by org.testng.reporters.JUnitReportReporter -->
<testsuite skipped="0" hostname="ADFL-1312" name="runner.RunTest" tests="2" failures="0" timestamp="2022-09-04T12:03:42 IST" time="13.406" errors="0">
  <testcase name="runScenario" time="9.157" classname="runner.RunTest"/>
  <system-out/>
  <testcase name="runScenario" time="4.249" classname="runner.RunTest"/>
  <system-out/>
</testsuite> <!-- runner.RunTest -->
