<?xml version="1.0" encoding="UTF-8"?>
<!-- Generated by org.testng.reporters.JUnitReportReporter -->
<testsuite skipped="0" hostname="ADFL-1312" name="runner.RunTest" tests="2" failures="0" timestamp="04 Sep 2022 06:48:25 GMT" time="8.848" errors="0">
  <testcase name="runScenario" time="4.403" classname="runner.RunTest"/>
  <testcase name="runScenario" time="4.445" classname="runner.RunTest"/>
</testsuite> <!-- runner.RunTest -->
