<?xml version="1.0" encoding="UTF-8"?>
<!-- Generated by org.testng.reporters.JUnitReportReporter -->
<testsuite skipped="0" hostname="ADFL-1312" name="chain.UpdateIncidentTests" tests="1" failures="0" timestamp="04 Sep 2022 06:48:25 GMT" time="4.376" errors="0">
  <testcase name="sendUpdateRequest" time="4.376" classname="chain.UpdateIncidentTests"/>
</testsuite> <!-- chain.UpdateIncidentTests -->
